1703617845.654781 client started (337874): version 3.3a, socket /tmp/tmux-1000/default, protocol 8
1703617845.654817 on Linux 6.6.8-arch1-1 #1 SMP PREEMPT_DYNAMIC Thu, 21 Dec 2023 19:01:01 +0000
1703617845.654823 using libevent 2.1.12-stable (poll); ncurses 6.4
1703617845.654844 flags are 0x18010000
1703617845.654848 socket is /tmp/tmux-1000/default
1703617845.654861 trying connect
1703617845.654880 connect failed: No such file or directory
1703617845.654891 lock file is /tmp/tmux-1000/default.lock
1703617845.654910 flock succeeded
1703617845.654914 got lock (6)
1703617845.654922 trying connect
1703617845.654934 connect failed: No such file or directory
1703617845.655281 add peer 0x562aaee8b6b0: 7 ((nil))
1703617845.655844 sending message 100 to peer 0x562aaee8b6b0 (4 bytes)
1703617845.655853 sending message 111 to peer 0x562aaee8b6b0 (8 bytes)
1703617845.655857 sending message 101 to peer 0x562aaee8b6b0 (12 bytes)
1703617845.655861 sending message 109 to peer 0x562aaee8b6b0 (4 bytes)
1703617845.655865 sending message 102 to peer 0x562aaee8b6b0 (11 bytes)
1703617845.655868 sending message 108 to peer 0x562aaee8b6b0 (35 bytes)
1703617845.655872 sending message 112 to peer 0x562aaee8b6b0 (70 bytes)
1703617845.655876 sending message 112 to peer 0x562aaee8b6b0 (5 bytes)
1703617845.655880 sending message 112 to peer 0x562aaee8b6b0 (6 bytes)
1703617845.655884 sending message 112 to peer 0x562aaee8b6b0 (6 bytes)
1703617845.655887 sending message 112 to peer 0x562aaee8b6b0 (10 bytes)
1703617845.655891 sending message 112 to peer 0x562aaee8b6b0 (13 bytes)
1703617845.655895 sending message 112 to peer 0x562aaee8b6b0 (14 bytes)
1703617845.655898 sending message 112 to peer 0x562aaee8b6b0 (19 bytes)
1703617845.655902 sending message 112 to peer 0x562aaee8b6b0 (11 bytes)
1703617845.655906 sending message 112 to peer 0x562aaee8b6b0 (10 bytes)
1703617845.655909 sending message 112 to peer 0x562aaee8b6b0 (15 bytes)
1703617845.655913 sending message 112 to peer 0x562aaee8b6b0 (21 bytes)
1703617845.655917 sending message 112 to peer 0x562aaee8b6b0 (13 bytes)
1703617845.655920 sending message 112 to peer 0x562aaee8b6b0 (7 bytes)
1703617845.655924 sending message 112 to peer 0x562aaee8b6b0 (13 bytes)
1703617845.655927 sending message 112 to peer 0x562aaee8b6b0 (7 bytes)
1703617845.655931 sending message 112 to peer 0x562aaee8b6b0 (13 bytes)
1703617845.655935 sending message 112 to peer 0x562aaee8b6b0 (9 bytes)
1703617845.655938 sending message 112 to peer 0x562aaee8b6b0 (21 bytes)
1703617845.655942 sending message 112 to peer 0x562aaee8b6b0 (13 bytes)
1703617845.655946 sending message 112 to peer 0x562aaee8b6b0 (9 bytes)
1703617845.655949 sending message 112 to peer 0x562aaee8b6b0 (16 bytes)
1703617845.655953 sending message 112 to peer 0x562aaee8b6b0 (13 bytes)
1703617845.655956 sending message 112 to peer 0x562aaee8b6b0 (9 bytes)
1703617845.655960 sending message 112 to peer 0x562aaee8b6b0 (9 bytes)
1703617845.655964 sending message 112 to peer 0x562aaee8b6b0 (12 bytes)
1703617845.655967 sending message 112 to peer 0x562aaee8b6b0 (8 bytes)
1703617845.655971 sending message 112 to peer 0x562aaee8b6b0 (13 bytes)
1703617845.655975 sending message 112 to peer 0x562aaee8b6b0 (7 bytes)
1703617845.655978 sending message 112 to peer 0x562aaee8b6b0 (7 bytes)
1703617845.655982 sending message 112 to peer 0x562aaee8b6b0 (9 bytes)
1703617845.655986 sending message 112 to peer 0x562aaee8b6b0 (6 bytes)
1703617845.655990 sending message 112 to peer 0x562aaee8b6b0 (9 bytes)
1703617845.655993 sending message 112 to peer 0x562aaee8b6b0 (15 bytes)
1703617845.655997 sending message 112 to peer 0x562aaee8b6b0 (13 bytes)
1703617845.656000 sending message 112 to peer 0x562aaee8b6b0 (12 bytes)
1703617845.656004 sending message 112 to peer 0x562aaee8b6b0 (8 bytes)
1703617845.656007 sending message 112 to peer 0x562aaee8b6b0 (14 bytes)
1703617845.656011 sending message 112 to peer 0x562aaee8b6b0 (9 bytes)
1703617845.656015 sending message 112 to peer 0x562aaee8b6b0 (10 bytes)
1703617845.656018 sending message 112 to peer 0x562aaee8b6b0 (10 bytes)
1703617845.656022 sending message 112 to peer 0x562aaee8b6b0 (10 bytes)
1703617845.656036 sending message 112 to peer 0x562aaee8b6b0 (10 bytes)
1703617845.656040 sending message 112 to peer 0x562aaee8b6b0 (11 bytes)
1703617845.656044 sending message 112 to peer 0x562aaee8b6b0 (12 bytes)
1703617845.656048 sending message 112 to peer 0x562aaee8b6b0 (12 bytes)
1703617845.656052 sending message 112 to peer 0x562aaee8b6b0 (12 bytes)
1703617845.656055 sending message 112 to peer 0x562aaee8b6b0 (12 bytes)
1703617845.656059 sending message 112 to peer 0x562aaee8b6b0 (12 bytes)
1703617845.656063 sending message 112 to peer 0x562aaee8b6b0 (11 bytes)
1703617845.656066 sending message 112 to peer 0x562aaee8b6b0 (11 bytes)
1703617845.656070 sending message 112 to peer 0x562aaee8b6b0 (12 bytes)
1703617845.656074 sending message 112 to peer 0x562aaee8b6b0 (12 bytes)
1703617845.656078 sending message 112 to peer 0x562aaee8b6b0 (12 bytes)
1703617845.656081 sending message 112 to peer 0x562aaee8b6b0 (12 bytes)
1703617845.656085 sending message 112 to peer 0x562aaee8b6b0 (12 bytes)
1703617845.656088 sending message 112 to peer 0x562aaee8b6b0 (9 bytes)
1703617845.656092 sending message 112 to peer 0x562aaee8b6b0 (12 bytes)
1703617845.656096 sending message 112 to peer 0x562aaee8b6b0 (13 bytes)
1703617845.656100 sending message 112 to peer 0x562aaee8b6b0 (13 bytes)
1703617845.656103 sending message 112 to peer 0x562aaee8b6b0 (13 bytes)
1703617845.656107 sending message 112 to peer 0x562aaee8b6b0 (13 bytes)
1703617845.656111 sending message 112 to peer 0x562aaee8b6b0 (13 bytes)
1703617845.656114 sending message 112 to peer 0x562aaee8b6b0 (8 bytes)
1703617845.656118 sending message 112 to peer 0x562aaee8b6b0 (11 bytes)
1703617845.656121 sending message 112 to peer 0x562aaee8b6b0 (11 bytes)
1703617845.656125 sending message 112 to peer 0x562aaee8b6b0 (11 bytes)
1703617845.656129 sending message 112 to peer 0x562aaee8b6b0 (12 bytes)
1703617845.656132 sending message 112 to peer 0x562aaee8b6b0 (12 bytes)
1703617845.656136 sending message 112 to peer 0x562aaee8b6b0 (13 bytes)
1703617845.656139 sending message 112 to peer 0x562aaee8b6b0 (12 bytes)
1703617845.656143 sending message 112 to peer 0x562aaee8b6b0 (13 bytes)
1703617845.656146 sending message 112 to peer 0x562aaee8b6b0 (13 bytes)
1703617845.656150 sending message 112 to peer 0x562aaee8b6b0 (13 bytes)
1703617845.656153 sending message 112 to peer 0x562aaee8b6b0 (8 bytes)
1703617845.656157 sending message 112 to peer 0x562aaee8b6b0 (13 bytes)
1703617845.656161 sending message 112 to peer 0x562aaee8b6b0 (13 bytes)
1703617845.656164 sending message 112 to peer 0x562aaee8b6b0 (13 bytes)
1703617845.656168 sending message 112 to peer 0x562aaee8b6b0 (13 bytes)
1703617845.656172 sending message 112 to peer 0x562aaee8b6b0 (13 bytes)
1703617845.656175 sending message 112 to peer 0x562aaee8b6b0 (12 bytes)
1703617845.656179 sending message 112 to peer 0x562aaee8b6b0 (12 bytes)
1703617845.656182 sending message 112 to peer 0x562aaee8b6b0 (13 bytes)
1703617845.656186 sending message 112 to peer 0x562aaee8b6b0 (12 bytes)
1703617845.656190 sending message 112 to peer 0x562aaee8b6b0 (13 bytes)
1703617845.656194 sending message 112 to peer 0x562aaee8b6b0 (8 bytes)
1703617845.656197 sending message 112 to peer 0x562aaee8b6b0 (13 bytes)
1703617845.656201 sending message 112 to peer 0x562aaee8b6b0 (13 bytes)
1703617845.656205 sending message 112 to peer 0x562aaee8b6b0 (13 bytes)
1703617845.656208 sending message 112 to peer 0x562aaee8b6b0 (13 bytes)
1703617845.656212 sending message 112 to peer 0x562aaee8b6b0 (13 bytes)
1703617845.656216 sending message 112 to peer 0x562aaee8b6b0 (13 bytes)
1703617845.656219 sending message 112 to peer 0x562aaee8b6b0 (13 bytes)
1703617845.656223 sending message 112 to peer 0x562aaee8b6b0 (12 bytes)
1703617845.656226 sending message 112 to peer 0x562aaee8b6b0 (12 bytes)
1703617845.656230 sending message 112 to peer 0x562aaee8b6b0 (13 bytes)
1703617845.656234 sending message 112 to peer 0x562aaee8b6b0 (8 bytes)
1703617845.656237 sending message 112 to peer 0x562aaee8b6b0 (12 bytes)
1703617845.656241 sending message 112 to peer 0x562aaee8b6b0 (13 bytes)
1703617845.656250 sending message 112 to peer 0x562aaee8b6b0 (13 bytes)
1703617845.656254 sending message 112 to peer 0x562aaee8b6b0 (13 bytes)
1703617845.656258 sending message 112 to peer 0x562aaee8b6b0 (13 bytes)
1703617845.656262 sending message 112 to peer 0x562aaee8b6b0 (13 bytes)
1703617845.656265 sending message 112 to peer 0x562aaee8b6b0 (13 bytes)
1703617845.656269 sending message 112 to peer 0x562aaee8b6b0 (13 bytes)
1703617845.656273 sending message 112 to peer 0x562aaee8b6b0 (13 bytes)
1703617845.656277 sending message 112 to peer 0x562aaee8b6b0 (12 bytes)
1703617845.656281 sending message 112 to peer 0x562aaee8b6b0 (10 bytes)
1703617845.656284 sending message 112 to peer 0x562aaee8b6b0 (12 bytes)
1703617845.656288 sending message 112 to peer 0x562aaee8b6b0 (13 bytes)
1703617845.656292 sending message 112 to peer 0x562aaee8b6b0 (12 bytes)
1703617845.656295 sending message 112 to peer 0x562aaee8b6b0 (13 bytes)
1703617845.656299 sending message 112 to peer 0x562aaee8b6b0 (13 bytes)
1703617845.656303 sending message 112 to peer 0x562aaee8b6b0 (13 bytes)
1703617845.656306 sending message 112 to peer 0x562aaee8b6b0 (13 bytes)
1703617845.656310 sending message 112 to peer 0x562aaee8b6b0 (13 bytes)
1703617845.656314 sending message 112 to peer 0x562aaee8b6b0 (13 bytes)
1703617845.656317 sending message 112 to peer 0x562aaee8b6b0 (13 bytes)
1703617845.656321 sending message 112 to peer 0x562aaee8b6b0 (10 bytes)
1703617845.656325 sending message 112 to peer 0x562aaee8b6b0 (13 bytes)
1703617845.656329 sending message 112 to peer 0x562aaee8b6b0 (12 bytes)
1703617845.656332 sending message 112 to peer 0x562aaee8b6b0 (12 bytes)
1703617845.656336 sending message 112 to peer 0x562aaee8b6b0 (13 bytes)
1703617845.656339 sending message 112 to peer 0x562aaee8b6b0 (10 bytes)
1703617845.656343 sending message 112 to peer 0x562aaee8b6b0 (10 bytes)
1703617845.656346 sending message 112 to peer 0x562aaee8b6b0 (10 bytes)
1703617845.656350 sending message 112 to peer 0x562aaee8b6b0 (12 bytes)
1703617845.656354 sending message 112 to peer 0x562aaee8b6b0 (13 bytes)
1703617845.656357 sending message 112 to peer 0x562aaee8b6b0 (13 bytes)
1703617845.656361 sending message 112 to peer 0x562aaee8b6b0 (13 bytes)
1703617845.656364 sending message 112 to peer 0x562aaee8b6b0 (13 bytes)
1703617845.656368 sending message 112 to peer 0x562aaee8b6b0 (13 bytes)
1703617845.656371 sending message 112 to peer 0x562aaee8b6b0 (10 bytes)
1703617845.656375 sending message 112 to peer 0x562aaee8b6b0 (11 bytes)
1703617845.656378 sending message 112 to peer 0x562aaee8b6b0 (12 bytes)
1703617845.656382 sending message 112 to peer 0x562aaee8b6b0 (12 bytes)
1703617845.656385 sending message 112 to peer 0x562aaee8b6b0 (12 bytes)
1703617845.656389 sending message 112 to peer 0x562aaee8b6b0 (12 bytes)
1703617845.656392 sending message 112 to peer 0x562aaee8b6b0 (12 bytes)
1703617845.656396 sending message 112 to peer 0x562aaee8b6b0 (11 bytes)
1703617845.656400 sending message 112 to peer 0x562aaee8b6b0 (12 bytes)
1703617845.656403 sending message 112 to peer 0x562aaee8b6b0 (12 bytes)
1703617845.656407 sending message 112 to peer 0x562aaee8b6b0 (13 bytes)
1703617845.656410 sending message 112 to peer 0x562aaee8b6b0 (13 bytes)
1703617845.656414 sending message 112 to peer 0x562aaee8b6b0 (13 bytes)
1703617845.656417 sending message 112 to peer 0x562aaee8b6b0 (13 bytes)
1703617845.656421 sending message 112 to peer 0x562aaee8b6b0 (13 bytes)
1703617845.656424 sending message 112 to peer 0x562aaee8b6b0 (10 bytes)
1703617845.656428 sending message 112 to peer 0x562aaee8b6b0 (9 bytes)
1703617845.656432 sending message 112 to peer 0x562aaee8b6b0 (12 bytes)
1703617845.656435 sending message 112 to peer 0x562aaee8b6b0 (13 bytes)
1703617845.656439 sending message 112 to peer 0x562aaee8b6b0 (13 bytes)
1703617845.656442 sending message 112 to peer 0x562aaee8b6b0 (13 bytes)
1703617845.656446 sending message 112 to peer 0x562aaee8b6b0 (13 bytes)
1703617845.656450 sending message 112 to peer 0x562aaee8b6b0 (13 bytes)
1703617845.656453 sending message 112 to peer 0x562aaee8b6b0 (9 bytes)
1703617845.656465 sending message 112 to peer 0x562aaee8b6b0 (12 bytes)
1703617845.656469 sending message 112 to peer 0x562aaee8b6b0 (13 bytes)
1703617845.656473 sending message 112 to peer 0x562aaee8b6b0 (13 bytes)
1703617845.656477 sending message 112 to peer 0x562aaee8b6b0 (13 bytes)
1703617845.656480 sending message 112 to peer 0x562aaee8b6b0 (13 bytes)
1703617845.656484 sending message 112 to peer 0x562aaee8b6b0 (13 bytes)
1703617845.656488 sending message 112 to peer 0x562aaee8b6b0 (11 bytes)
1703617845.656491 sending message 112 to peer 0x562aaee8b6b0 (12 bytes)
1703617845.656495 sending message 112 to peer 0x562aaee8b6b0 (13 bytes)
1703617845.656499 sending message 112 to peer 0x562aaee8b6b0 (13 bytes)
1703617845.656502 sending message 112 to peer 0x562aaee8b6b0 (13 bytes)
1703617845.656506 sending message 112 to peer 0x562aaee8b6b0 (13 bytes)
1703617845.656509 sending message 112 to peer 0x562aaee8b6b0 (13 bytes)
1703617845.656513 sending message 112 to peer 0x562aaee8b6b0 (11 bytes)
1703617845.656517 sending message 112 to peer 0x562aaee8b6b0 (12 bytes)
1703617845.656520 sending message 112 to peer 0x562aaee8b6b0 (12 bytes)
1703617845.656524 sending message 112 to peer 0x562aaee8b6b0 (12 bytes)
1703617845.656527 sending message 112 to peer 0x562aaee8b6b0 (12 bytes)
1703617845.656531 sending message 112 to peer 0x562aaee8b6b0 (12 bytes)
1703617845.656535 sending message 112 to peer 0x562aaee8b6b0 (22 bytes)
1703617845.656538 sending message 112 to peer 0x562aaee8b6b0 (12 bytes)
1703617845.656542 sending message 112 to peer 0x562aaee8b6b0 (9 bytes)
1703617845.656545 sending message 112 to peer 0x562aaee8b6b0 (6 bytes)
1703617845.656549 sending message 112 to peer 0x562aaee8b6b0 (13 bytes)
1703617845.656553 sending message 112 to peer 0x562aaee8b6b0 (10 bytes)
1703617845.656556 sending message 112 to peer 0x562aaee8b6b0 (15 bytes)
1703617845.656560 sending message 112 to peer 0x562aaee8b6b0 (11 bytes)
1703617845.656563 sending message 112 to peer 0x562aaee8b6b0 (9 bytes)
1703617845.656567 sending message 112 to peer 0x562aaee8b6b0 (70 bytes)
1703617845.656571 sending message 112 to peer 0x562aaee8b6b0 (69 bytes)
1703617845.656574 sending message 112 to peer 0x562aaee8b6b0 (34 bytes)
1703617845.656578 sending message 112 to peer 0x562aaee8b6b0 (34 bytes)
1703617845.656582 sending message 112 to peer 0x562aaee8b6b0 (69 bytes)
1703617845.656585 sending message 112 to peer 0x562aaee8b6b0 (12 bytes)
1703617845.656589 sending message 112 to peer 0x562aaee8b6b0 (10 bytes)
1703617845.656592 sending message 112 to peer 0x562aaee8b6b0 (10 bytes)
1703617845.656596 sending message 112 to peer 0x562aaee8b6b0 (15 bytes)
1703617845.656600 sending message 112 to peer 0x562aaee8b6b0 (11 bytes)
1703617845.656604 sending message 112 to peer 0x562aaee8b6b0 (10 bytes)
1703617845.656607 sending message 112 to peer 0x562aaee8b6b0 (10 bytes)
1703617845.656611 sending message 112 to peer 0x562aaee8b6b0 (17 bytes)
1703617845.656615 sending message 112 to peer 0x562aaee8b6b0 (10 bytes)
1703617845.656618 sending message 112 to peer 0x562aaee8b6b0 (13 bytes)
1703617845.656622 sending message 112 to peer 0x562aaee8b6b0 (17 bytes)
1703617845.656625 sending message 112 to peer 0x562aaee8b6b0 (5 bytes)
1703617845.656629 sending message 112 to peer 0x562aaee8b6b0 (9 bytes)
1703617845.656632 sending message 112 to peer 0x562aaee8b6b0 (15 bytes)
1703617845.656637 sending message 104 to peer 0x562aaee8b6b0 (0 bytes)
1703617845.656641 sending message 110 to peer 0x562aaee8b6b0 (0 bytes)
1703617845.656646 sending message 107 to peer 0x562aaee8b6b0 (4 bytes)
1703617845.656649 sending message 105 to peer 0x562aaee8b6b0 (19 bytes)
1703617845.656653 sending message 105 to peer 0x562aaee8b6b0 (39 bytes)
1703617845.656656 sending message 105 to peer 0x562aaee8b6b0 (58 bytes)
1703617845.656660 sending message 105 to peer 0x562aaee8b6b0 (36 bytes)
1703617845.656663 sending message 105 to peer 0x562aaee8b6b0 (51 bytes)
1703617845.656667 sending message 105 to peer 0x562aaee8b6b0 (12 bytes)
1703617845.656670 sending message 105 to peer 0x562aaee8b6b0 (15 bytes)
1703617845.656679 sending message 105 to peer 0x562aaee8b6b0 (39 bytes)
1703617845.656683 sending message 105 to peer 0x562aaee8b6b0 (14 bytes)
1703617845.656686 sending message 105 to peer 0x562aaee8b6b0 (21 bytes)
1703617845.656690 sending message 105 to peer 0x562aaee8b6b0 (21 bytes)
1703617845.656694 sending message 105 to peer 0x562aaee8b6b0 (16 bytes)
1703617845.656698 sending message 105 to peer 0x562aaee8b6b0 (35 bytes)
1703617845.656701 sending message 105 to peer 0x562aaee8b6b0 (34 bytes)
1703617845.656705 sending message 105 to peer 0x562aaee8b6b0 (15 bytes)
1703617845.656708 sending message 105 to peer 0x562aaee8b6b0 (13 bytes)
1703617845.656712 sending message 105 to peer 0x562aaee8b6b0 (15 bytes)
1703617845.656715 sending message 105 to peer 0x562aaee8b6b0 (17 bytes)
1703617845.656719 sending message 105 to peer 0x562aaee8b6b0 (17 bytes)
1703617845.656723 sending message 105 to peer 0x562aaee8b6b0 (104 bytes)
1703617845.656726 sending message 105 to peer 0x562aaee8b6b0 (19 bytes)
1703617845.656730 sending message 105 to peer 0x562aaee8b6b0 (54 bytes)
1703617845.656733 sending message 105 to peer 0x562aaee8b6b0 (47 bytes)
1703617845.656737 sending message 105 to peer 0x562aaee8b6b0 (38 bytes)
1703617845.656740 sending message 105 to peer 0x562aaee8b6b0 (23 bytes)
1703617845.656744 sending message 105 to peer 0x562aaee8b6b0 (17 bytes)
1703617845.656747 sending message 105 to peer 0x562aaee8b6b0 (32 bytes)
1703617845.656751 sending message 105 to peer 0x562aaee8b6b0 (11 bytes)
1703617845.656754 sending message 105 to peer 0x562aaee8b6b0 (11 bytes)
1703617845.656758 sending message 105 to peer 0x562aaee8b6b0 (8 bytes)
1703617845.656761 sending message 105 to peer 0x562aaee8b6b0 (11 bytes)
1703617845.656765 sending message 105 to peer 0x562aaee8b6b0 (17 bytes)
1703617845.656768 sending message 105 to peer 0x562aaee8b6b0 (31 bytes)
1703617845.656772 sending message 105 to peer 0x562aaee8b6b0 (50 bytes)
1703617845.656775 sending message 105 to peer 0x562aaee8b6b0 (34 bytes)
1703617845.656779 sending message 105 to peer 0x562aaee8b6b0 (15 bytes)
1703617845.656782 sending message 105 to peer 0x562aaee8b6b0 (258 bytes)
1703617845.656790 sending message 105 to peer 0x562aaee8b6b0 (54 bytes)
1703617845.656794 sending message 105 to peer 0x562aaee8b6b0 (281 bytes)
1703617845.656798 sending message 105 to peer 0x562aaee8b6b0 (27 bytes)
1703617845.656801 sending message 105 to peer 0x562aaee8b6b0 (29 bytes)
1703617845.656805 sending message 105 to peer 0x562aaee8b6b0 (35 bytes)
1703617845.656808 sending message 105 to peer 0x562aaee8b6b0 (18 bytes)
1703617845.656812 sending message 105 to peer 0x562aaee8b6b0 (18 bytes)
1703617845.656816 sending message 105 to peer 0x562aaee8b6b0 (20 bytes)
1703617845.656819 sending message 105 to peer 0x562aaee8b6b0 (16 bytes)
1703617845.656822 sending message 105 to peer 0x562aaee8b6b0 (60 bytes)
1703617845.656826 sending message 105 to peer 0x562aaee8b6b0 (33 bytes)
1703617845.656829 sending message 105 to peer 0x562aaee8b6b0 (38 bytes)
1703617845.656833 sending message 106 to peer 0x562aaee8b6b0 (0 bytes)
1703617845.656891 sending message 200 to peer 0x562aaee8b6b0 (4 bytes)
1703617845.656896 client loop enter
1703617845.656916 client_signal: Child exited
1703617845.715246 peer 0x562aaee8b6b0 message 207
1703617845.715263 sending message 208 to peer 0x562aaee8b6b0 (0 bytes)
1703617851.977689 peer 0x562aaee8b6b0 message 203
1703617851.977713 sending message 205 to peer 0x562aaee8b6b0 (0 bytes)
1703617851.978585 peer 0x562aaee8b6b0 message 204
1703617851.978599 client loop exit
